<?xml version="1.0" encoding="UTF-8"?>
<testng-results ignored="1" total="2" passed="1" failed="0" skipped="0">
  <reporter-output>
  </reporter-output>
  <suite started-at="2024-06-14T09:56:11 IST" name="Suite" finished-at="2024-06-14T09:56:53 IST" duration-ms="42084">
    <groups>
    </groups>
    <test started-at="2024-06-14T09:56:11 IST" name="Test" finished-at="2024-06-14T09:56:53 IST" duration-ms="42084">
      <class name="testClass.CWAddBlockTest">
        <test-method is-config="true" signature="loadConfig()[pri:0, instance:testClass.CWAddBlockTest@434a63ab]" started-at="2024-06-14T09:56:07 IST" name="loadConfig" finished-at="2024-06-14T09:56:11 IST" duration-ms="3303" status="PASS">
          <reporter-output>
          </reporter-output>
        </test-method> <!-- loadConfig -->
        <test-method is-config="true" signature="beforeMethod()[pri:0, instance:testClass.CWAddBlockTest@434a63ab]" started-at="2024-06-14T09:56:11 IST" name="beforeMethod" finished-at="2024-06-14T09:56:39 IST" duration-ms="27851" status="PASS">
          <reporter-output>
          </reporter-output>
        </test-method> <!-- beforeMethod -->
        <test-method signature="addBlocksTest()[pri:0, instance:testClass.CWAddBlockTest@434a63ab]" started-at="2024-06-14T09:56:39 IST" name="addBlocksTest" finished-at="2024-06-14T09:56:52 IST" duration-ms="13581" status="PASS">
          <reporter-output>
          </reporter-output>
        </test-method> <!-- addBlocksTest -->
        <test-method is-config="true" signature="afterMethod()[pri:0, instance:testClass.CWAddBlockTest@434a63ab]" started-at="2024-06-14T09:56:52 IST" name="afterMethod" finished-at="2024-06-14T09:56:53 IST" duration-ms="509" status="PASS">
          <reporter-output>
          </reporter-output>
        </test-method> <!-- afterMethod -->
        <test-method is-config="true" signature="aftersuite()[pri:0, instance:testClass.CWAddBlockTest@434a63ab]" started-at="2024-06-14T09:56:53 IST" name="aftersuite" finished-at="2024-06-14T09:56:54 IST" duration-ms="1012" status="PASS">
          <reporter-output>
          </reporter-output>
        </test-method> <!-- aftersuite -->
      </class> <!-- testClass.CWAddBlockTest -->
    </test> <!-- Test -->
  </suite> <!-- Suite -->
</testng-results>
